<?xml version="1.0" encoding="UTF-8"?>
<!-- Generated by org.testng.reporters.JUnitXMLReporter -->
<testsuite ignored="0" hostname="vishal-Latitude-5500" failures="0" tests="4" name="Default test" time="15.597" errors="0" timestamp="2025-04-23T23:35:46 IST">
  <testcase classname="web.tests.WebPageTest" name="testLoginNegative" time="2.419"/>
  <testcase classname="web.tests.WebPageTest" name="testLoginPositive" time="1.366"/>
  <testcase classname="web.tests.WebPageTest" name="testCandidateNavigation" time="1.858"/>
  <testcase classname="web.tests.WebPageTest" name="testAddCandidate" time="2.984"/>
</testsuite> <!-- Default test -->
